<?xml version="1.0" encoding="UTF-8"?>
<!-- Generated by org.testng.reporters.JUnitXMLReporter -->
<testsuite hostname="01hw307568" ignored="0" name="Default test(failed)" tests="1" failures="0" timestamp="15 Jun 2018 09:20:58 GMT" time="101.835" errors="0">
  <testcase name="@BeforeMethod setup" time="101.704" classname="kcom.qa.testcases.MykeysightpageTest">
    <failure type="java.lang.StackOverflowError">
      <![CDATA[java.lang.StackOverflowError
	at java.io.InputStream.<init>(Unknown Source)
	at java.io.FileInputStream.<init>(Unknown Source)
	at java.io.FileInputStream.<init>(Unknown Source)
	at kcom.qa.base.Testbase.<init>(Testbase.java:23)
	at kcom.qa.pages.Mykesightpage.<init>(Mykesightpage.java:197)
	at kcom.qa.pages.Mykesightpage.<init>(Mykesightpage.java:14)
	at kcom.qa.pages.Mykesightpage.<init>(Mykesightpage.java:14)
	at kcom.qa.pages.Mykesightpage.<init>(Mykesightpage.java:14)
	at kcom.qa.pages.Mykesightpage.<init>(Mykesightpage.java:14)
	at kcom.qa.pages.Mykesightpage.<init>(Mykesightpage.java:14)
	at kcom.qa.pages.Mykesightpage.<init>(Mykesightpage.java:14)
	at kcom.qa.pages.Mykesightpage.<init>(Mykesightpage.java:14)
	at kcom.qa.pages.Mykesightpage.<init>(Mykesightpage.java:14)
	at kcom.qa.pages.Mykesightpage.<init>(Mykesightpage.java:14)
	at kcom.qa.pages.Mykesightpage.<init>(Mykesightpage.java:14)
	at kcom.qa.pages.Mykesightpage.<init>(Mykesightpage.java:14)
	at kcom.qa.pages.Mykesightpage.<init>(Mykesightpage.java:14)
	at kcom.qa.pages.Mykesightpage.<init>(Mykesightpage.java:14)
	at kcom.qa.pages.Mykesightpage.<init>(Mykesightpage.java:14)
	at kcom.qa.pages.Mykesightpage.<init>(Mykesightpage.java:14)
	at kcom.qa.pages.Mykesightpage.<init>(Mykesightpage.java:14)
	at kcom.qa.pages.Mykesightpage.<init>(Mykesightpage.java:14)
	at kcom.qa.pages.Mykesightpage.<init>(Mykesightpage.java:14)
	at kcom.qa.pages.Mykesightpage.<init>(Mykesightpage.java:14)
	at kcom.qa.pages.Mykesightpage.<init>(Mykesightpage.java:14)
	at kcom.qa.pages.Mykesightpage.<init>(Mykesightpage.java:14)
	at kcom.qa.pages.Mykesightpage.<init>(Mykesightpage.java:14)
	at kcom.qa.pages.Mykesightpage.<init>(Mykesightpage.java:14)
	at kcom.qa.pages.Mykesightpage.<init>(Mykesightpage.java:14)
	at kcom.qa.pages.Mykesightpage.<init>(Mykesightpage.java:14)
	at kcom.qa.pages.Mykesightpage.<init>(Mykesightpage.java:14)
	at kcom.qa.pages.Mykesightpage.<init>(Mykesightpage.java:14)
	at kcom.qa.pages.Mykesightpage.<init>(Mykesightpage.java:14)
	at kcom.qa.pages.Mykesightpage.<init>(Mykesightpage.java:14)
	at kcom.qa.pages.Mykesightpage.<init>(Mykesightpage.java:14)
	at kcom.qa.pages.Mykesightpage.<init>(Mykesightpage.java:14)
	at kcom.qa.pages.Mykesightpage.<init>(Mykesightpage.java:14)
	at kcom.qa.pages.Mykesightpage.<init>(Mykesightpage.java:14)
	at kcom.qa.pages.Mykesightpage.<init>(Mykesightpage.java:14)
	at kcom.qa.pages.Mykesightpage.<init>(Mykesightpage.java:14)
	at kcom.qa.pages.Mykesightpage.<init>(Mykesightpage.java:14)
	at kcom.qa.pages.Mykesightpage.<init>(Mykesightpage.java:14)
	at kcom.qa.pages.Mykesightpage.<init>(Mykesightpage.java:14)
	at kcom.qa.pages.Mykesightpage.<init>(Mykesightpage.java:14)
	at kcom.qa.pages.Mykesightpage.<init>(Mykesightpage.java:14)
	at kcom.qa.pages.Mykesightpage.<init>(Mykesightpage.java:14)
	at kcom.qa.pages.Mykesightpage.<init>(Mykesightpage.java:14)
	at kcom.qa.pages.Mykesightpage.<init>(Mykesightpage.java:14)
	at kcom.qa.pages.Mykesightpage.<init>(Mykesightpage.java:14)
	at kcom.qa.pages.Mykesightpage.<init>(Mykesightpage.java:14)
	at kcom.qa.pages.Mykesightpage.<init>(Mykesightpage.java:14)
	at kcom.qa.pages.Mykesightpage.<init>(Mykesightpage.java:14)
	at kcom.qa.pages.Mykesightpage.<init>(Mykesightpage.java:14)
	at kcom.qa.pages.Mykesightpage.<init>(Mykesightpage.java:14)
	at kcom.qa.pages.Mykesightpage.<init>(Mykesightpage.java:14)
	at kcom.qa.pages.Mykesightpage.<init>(Mykesightpage.java:14)
	at kcom.qa.pages.Mykesightpage.<init>(Mykesightpage.java:14)
	at kcom.qa.pages.Mykesightpage.<init>(Mykesightpage.java:14)
	at kcom.qa.pages.Mykesightpage.<init>(Mykesightpage.java:14)
	at kcom.qa.pages.Mykesightpage.<init>(Mykesightpage.java:14)
	at kcom.qa.pages.Mykesightpage.<init>(Mykesightpage.java:14)
	at kcom.qa.pages.Mykesightpage.<init>(Mykesightpage.java:14)
	at kcom.qa.pages.Mykesightpage.<init>(Mykesightpage.java:14)
	at kcom.qa.pages.Mykesightpage.<init>(Mykesightpage.java:14)
	at kcom.qa.pages.Mykesightpage.<init>(Mykesightpage.java:14)
	at kcom.qa.pages.Mykesightpage.<init>(Mykesightpage.java:14)
	at kcom.qa.pages.Mykesightpage.<init>(Mykesightpage.java:14)
	at kcom.qa.pages.Mykesightpage.<init>(Mykesightpage.java:14)
	at kcom.qa.pages.Mykesightpage.<init>(Mykesightpage.java:14)
	at kcom.qa.pages.Mykesightpage.<init>(Mykesightpage.java:14)
	at kcom.qa.pages.Mykesightpage.<init>(Mykesightpage.java:14)
	at kcom.qa.pages.Mykesightpage.<init>(Mykesightpage.java:14)
	at kcom.qa.pages.Mykesightpage.<init>(Mykesightpage.java:14)
	at kcom.qa.pages.Mykesightpage.<init>(Mykesightpage.java:14)
	at kcom.qa.pages.Mykesightpage.<init>(Mykesightpage.java:14)
	at kcom.qa.pages.Mykesightpage.<init>(Mykesightpage.java:14)
	at kcom.qa.pages.Mykesightpage.<init>(Mykesightpage.java:14)
	at kcom.qa.pages.Mykesightpage.<init>(Mykesightpage.java:14)
	at kcom.qa.pages.Mykesightpage.<init>(Mykesightpage.java:14)
	at kcom.qa.pages.Mykesightpage.<init>(Mykesightpage.java:14)
	at kcom.qa.pages.Mykesightpage.<init>(Mykesightpage.java:14)
	at kcom.qa.pages.Mykesightpage.<init>(Mykesightpage.java:14)
	at kcom.qa.pages.Mykesightpage.<init>(Mykesightpage.java:14)
	at kcom.qa.pages.Mykesightpage.<init>(Mykesightpage.java:14)
	at kcom.qa.pages.Mykesightpage.<init>(Mykesightpage.java:14)
	at kcom.qa.pages.Mykesightpage.<init>(Mykesightpage.java:14)
	at kcom.qa.pages.Mykesightpage.<init>(Mykesightpage.java:14)
	at kcom.qa.pages.Mykesightpage.<init>(Mykesightpage.java:14)
	at kcom.qa.pages.Mykesightpage.<init>(Mykesightpage.java:14)
	at kcom.qa.pages.Mykesightpage.<init>(Mykesightpage.java:14)
	at kcom.qa.pages.Mykesightpage.<init>(Mykesightpage.java:14)
	at kcom.qa.pages.Mykesightpage.<init>(Mykesightpage.java:14)
	at kcom.qa.pages.Mykesightpage.<init>(Mykesightpage.java:14)
	at kcom.qa.pages.Mykesightpage.<init>(Mykesightpage.java:14)
	at kcom.qa.pages.Mykesightpage.<init>(Mykesightpage.java:14)
	at kcom.qa.pages.Mykesightpage.<init>(Mykesightpage.java:14)
	at kcom.qa.pages.Mykesightpage.<init>(Mykesightpage.java:14)
	at kcom.qa.pages.Mykesightpage.<init>(Mykesightpage.java:14)
	at kcom.qa.pages.Mykesightpage.<init>(Mykesightpage.java:14)
	at kcom.qa.pages.Mykesightpage.<init>(Mykesightpage.java:14)
	at kcom.qa.pages.Mykesightpage.<init>(Mykesightpage.java:14)
	at kcom.qa.pages.Mykesightpage.<init>(Mykesightpage.java:14)
	at kcom.qa.pages.Mykesightpage.<init>(Mykesightpage.java:14)
	at kcom.qa.pages.Mykesightpage.<init>(Mykesightpage.java:14)
	at kcom.qa.pages.Mykesightpage.<init>(Mykesightpage.java:14)
	at kcom.qa.pages.Mykesightpage.<init>(Mykesightpage.java:14)
	at kcom.qa.pages.Mykesightpage.<init>(Mykesightpage.java:14)
	at kcom.qa.pages.Mykesightpage.<init>(Mykesightpage.java:14)
	at kcom.qa.pages.Mykesightpage.<init>(Mykesightpage.java:14)
	at kcom.qa.pages.Mykesightpage.<init>(Mykesightpage.java:14)
	at kcom.qa.pages.Mykesightpage.<init>(Mykesightpage.java:14)
	at kcom.qa.pages.Mykesightpage.<init>(Mykesightpage.java:14)
	at kcom.qa.pages.Mykesightpage.<init>(Mykesightpage.java:14)
	at kcom.qa.pages.Mykesightpage.<init>(Mykesightpage.java:14)
	at kcom.qa.pages.Mykesightpage.<init>(Mykesightpage.java:14)
	at kcom.qa.pages.Mykesightpage.<init>(Mykesightpage.java:14)
	at kcom.qa.pages.Mykesightpage.<init>(Mykesightpage.java:14)
	at kcom.qa.pages.Mykesightpage.<init>(Mykesightpage.java:14)
	at kcom.qa.pages.Mykesightpage.<init>(Mykesightpage.java:14)
	at kcom.qa.pages.Mykesightpage.<init>(Mykesightpage.java:14)
	at kcom.qa.pages.Mykesightpage.<init>(Mykesightpage.java:14)
	at kcom.qa.pages.Mykesightpage.<init>(Mykesightpage.java:14)
	at kcom.qa.pages.Mykesightpage.<init>(Mykesightpage.java:14)
	at kcom.qa.pages.Mykesightpage.<init>(Mykesightpage.java:14)
	at kcom.qa.pages.Mykesightpage.<init>(Mykesightpage.java:14)
	at kcom.qa.pages.Mykesightpage.<init>(Mykesightpage.java:14)
	at kcom.qa.pages.Mykesightpage.<init>(Mykesightpage.java:14)
	at kcom.qa.pages.Mykesightpage.<init>(Mykesightpage.java:14)
	at kcom.qa.pages.Mykesightpage.<init>(Mykesightpage.java:14)
	at kcom.qa.pages.Mykesightpage.<init>(Mykesightpage.java:14)
	at kcom.qa.pages.Mykesightpage.<init>(Mykesightpage.java:14)
	at kcom.qa.pages.Mykesightpage.<init>(Mykesightpage.java:14)
	at kcom.qa.pages.Mykesightpage.<init>(Mykesightpage.java:14)
	at kcom.qa.pages.Mykesightpage.<init>(Mykesightpage.java:14)
	at kcom.qa.pages.Mykesightpage.<init>(Mykesightpage.java:14)
	at kcom.qa.pages.Mykesightpage.<init>(Mykesightpage.java:14)
	at kcom.qa.pages.Mykesightpage.<init>(Mykesightpage.java:14)
	at kcom.qa.pages.Mykesightpage.<init>(Mykesightpage.java:14)
	at kcom.qa.pages.Mykesightpage.<init>(Mykesightpage.java:14)
	at kcom.qa.pages.Mykesightpage.<init>(Mykesightpage.java:14)
	at kcom.qa.pages.Mykesightpage.<init>(Mykesightpage.java:14)
	at kcom.qa.pages.Mykesightpage.<init>(Mykesightpage.java:14)
	at kcom.qa.pages.Mykesightpage.<init>(Mykesightpage.java:14)
	at kcom.qa.pages.Mykesightpage.<init>(Mykesightpage.java:14)
	at kcom.qa.pages.Mykesightpage.<init>(Mykesightpage.java:14)
	at kcom.qa.pages.Mykesightpage.<init>(Mykesightpage.java:14)
	at kcom.qa.pages.Mykesightpage.<init>(Mykesightpage.java:14)
	at kcom.qa.pages.Mykesightpage.<init>(Mykesightpage.java:14)
	at kcom.qa.pages.Mykesightpage.<init>(Mykesightpage.java:14)
	at kcom.qa.pages.Mykesightpage.<init>(Mykesightpage.java:14)
	at kcom.qa.pages.Mykesightpage.<init>(Mykesightpage.java:14)
	at kcom.qa.pages.Mykesightpage.<init>(Mykesightpage.java:14)
	at kcom.qa.pages.Mykesightpage.<init>(Mykesightpage.java:14)
	at kcom.qa.pages.Mykesightpage.<init>(Mykesightpage.java:14)
	at kcom.qa.pages.Mykesightpage.<init>(Mykesightpage.java:14)
	at kcom.qa.pages.Mykesightpage.<init>(Mykesightpage.java:14)
	at kcom.qa.pages.Mykesightpage.<init>(Mykesightpage.java:14)
	at kcom.qa.pages.Mykesightpage.<init>(Mykesightpage.java:14)
	at kcom.qa.pages.Mykesightpage.<init>(Mykesightpage.java:14)
	at kcom.qa.pages.Mykesightpage.<init>(Mykesightpage.java:14)
	at kcom.qa.pages.Mykesightpage.<init>(Mykesightpage.java:14)
	at kcom.qa.pages.Mykesightpage.<init>(Mykesightpage.java:14)
	at kcom.qa.pages.Mykesightpage.<init>(Mykesightpage.java:14)
	at kcom.qa.pages.Mykesightpage.<init>(Mykesightpage.java:14)
	at kcom.qa.pages.Mykesightpage.<init>(Mykesightpage.java:14)
	at kcom.qa.pages.Mykesightpage.<init>(Mykesightpage.java:14)
	at kcom.qa.pages.Mykesightpage.<init>(Mykesightpage.java:14)
	at kcom.qa.pages.Mykesightpage.<init>(Mykesightpage.java:14)
	at kcom.qa.pages.Mykesightpage.<init>(Mykesightpage.java:14)
	at kcom.qa.pages.Mykesightpage.<init>(Mykesightpage.java:14)
	at kcom.qa.pages.Mykesightpage.<init>(Mykesightpage.java:14)
	at kcom.qa.pages.Mykesightpage.<init>(Mykesightpage.java:14)
	at kcom.qa.pages.Mykesightpage.<init>(Mykesightpage.java:14)
	at kcom.qa.pages.Mykesightpage.<init>(Mykesightpage.java:14)
	at kcom.qa.pages.Mykesightpage.<init>(Mykesightpage.java:14)
	at kcom.qa.pages.Mykesightpage.<init>(Mykesightpage.java:14)
	at kcom.qa.pages.Mykesightpage.<init>(Mykesightpage.java:14)
	at kcom.qa.pages.Mykesightpage.<init>(Mykesightpage.java:14)
	at kcom.qa.pages.Mykesightpage.<init>(Mykesightpage.java:14)
	at kcom.qa.pages.Mykesightpage.<init>(Mykesightpage.java:14)
	at kcom.qa.pages.Mykesightpage.<init>(Mykesightpage.java:14)
	at kcom.qa.pages.Mykesightpage.<init>(Mykesightpage.java:14)
	at kcom.qa.pages.Mykesightpage.<init>(Mykesightpage.java:14)
	at kcom.qa.pages.Mykesightpage.<init>(Mykesightpage.java:14)
	at kcom.qa.pages.Mykesightpage.<init>(Mykesightpage.java:14)
	at kcom.qa.pages.Mykesightpage.<init>(Mykesightpage.java:14)
	at kcom.qa.pages.Mykesightpage.<init>(Mykesightpage.java:14)
	at kcom.qa.pages.Mykesightpage.<init>(Mykesightpage.java:14)
	at kcom.qa.pages.Mykesightpage.<init>(Mykesightpage.java:14)
	at kcom.qa.pages.Mykesightpage.<init>(Mykesightpage.java:14)
	at kcom.qa.pages.Mykesightpage.<init>(Mykesightpage.java:14)
	at kcom.qa.pages.Mykesightpage.<init>(Mykesightpage.java:14)
	at kcom.qa.pages.Mykesightpage.<init>(Mykesightpage.java:14)
	at kcom.qa.pages.Mykesightpage.<init>(Mykesightpage.java:14)
	at kcom.qa.pages.Mykesightpage.<init>(Mykesightpage.java:14)
	at kcom.qa.pages.Mykesightpage.<init>(Mykesightpage.java:14)
	at kcom.qa.pages.Mykesightpage.<init>(Mykesightpage.java:14)
	at kcom.qa.pages.Mykesightpage.<init>(Mykesightpage.java:14)
	at kcom.qa.pages.Mykesightpage.<init>(Mykesightpage.java:14)
	at kcom.qa.pages.Mykesightpage.<init>(Mykesightpage.java:14)
	at kcom.qa.pages.Mykesightpage.<init>(Mykesightpage.java:14)
	at kcom.qa.pages.Mykesightpage.<init>(Mykesightpage.java:14)
	at kcom.qa.pages.Mykesightpage.<init>(Mykesightpage.java:14)
	at kcom.qa.pages.Mykesightpage.<init>(Mykesightpage.java:14)
	at kcom.qa.pages.Mykesightpage.<init>(Mykesightpage.java:14)
	at kcom.qa.pages.Mykesightpage.<init>(Mykesightpage.java:14)
	at kcom.qa.pages.Mykesightpage.<init>(Mykesightpage.java:14)
	at kcom.qa.pages.Mykesightpage.<init>(Mykesightpage.java:14)
	at kcom.qa.pages.Mykesightpage.<init>(Mykesightpage.java:14)
	at kcom.qa.pages.Mykesightpage.<init>(Mykesightpage.java:14)
	at kcom.qa.pages.Mykesightpage.<init>(Mykesightpage.java:14)
	at kcom.qa.pages.Mykesightpage.<init>(Mykesightpage.java:14)
	at kcom.qa.pages.Mykesightpage.<init>(Mykesightpage.java:14)
	at kcom.qa.pages.Mykesightpage.<init>(Mykesightpage.java:14)
	at kcom.qa.pages.Mykesightpage.<init>(Mykesightpage.java:14)
	at kcom.qa.pages.Mykesightpage.<init>(Mykesightpage.java:14)
	at kcom.qa.pages.Mykesightpage.<init>(Mykesightpage.java:14)
	at kcom.qa.pages.Mykesightpage.<init>(Mykesightpage.java:14)
	at kcom.qa.pages.Mykesightpage.<init>(Mykesightpage.java:14)
	at kcom.qa.pages.Mykesightpage.<init>(Mykesightpage.java:14)
	at kcom.qa.pages.Mykesightpage.<init>(Mykesightpage.java:14)
	at kcom.qa.pages.Mykesightpage.<init>(Mykesightpage.java:14)
	at kcom.qa.pages.Mykesightpage.<init>(Mykesightpage.java:14)
	at kcom.qa.pages.Mykesightpage.<init>(Mykesightpage.java:14)
	at kcom.qa.pages.Mykesightpage.<init>(Mykesightpage.java:14)
	at kcom.qa.pages.Mykesightpage.<init>(Mykesightpage.java:14)
	at kcom.qa.pages.Mykesightpage.<init>(Mykesightpage.java:14)
	at kcom.qa.pages.Mykesightpage.<init>(Mykesightpage.java:14)
	at kcom.qa.pages.Mykesightpage.<init>(Mykesightpage.java:14)
	at kcom.qa.pages.Mykesightpage.<init>(Mykesightpage.java:14)
	at kcom.qa.pages.Mykesightpage.<init>(Mykesightpage.java:14)
	at kcom.qa.pages.Mykesightpage.<init>(Mykesightpage.java:14)
	at kcom.qa.pages.Mykesightpage.<init>(Mykesightpage.java:14)
	at kcom.qa.pages.Mykesightpage.<init>(Mykesightpage.java:14)
	at kcom.qa.pages.Mykesightpage.<init>(Mykesightpage.java:14)
	at kcom.qa.pages.Mykesightpage.<init>(Mykesightpage.java:14)
	at kcom.qa.pages.Mykesightpage.<init>(Mykesightpage.java:14)
	at kcom.qa.pages.Mykesightpage.<init>(Mykesightpage.java:14)
	at kcom.qa.pages.Mykesightpage.<init>(Mykesightpage.java:14)
	at kcom.qa.pages.Mykesightpage.<init>(Mykesightpage.java:14)
	at kcom.qa.pages.Mykesightpage.<init>(Mykesightpage.java:14)
	at kcom.qa.pages.Mykesightpage.<init>(Mykesightpage.java:14)
	at kcom.qa.pages.Mykesightpage.<init>(Mykesightpage.java:14)
	at kcom.qa.pages.Mykesightpage.<init>(Mykesightpage.java:14)
	at kcom.qa.pages.Mykesightpage.<init>(Mykesightpage.java:14)
	at kcom.qa.pages.Mykesightpage.<init>(Mykesightpage.java:14)
	at kcom.qa.pages.Mykesightpage.<init>(Mykesightpage.java:14)
	at kcom.qa.pages.Mykesightpage.<init>(Mykesightpage.java:14)
	at kcom.qa.pages.Mykesightpage.<init>(Mykesightpage.java:14)
	at kcom.qa.pages.Mykesightpage.<init>(Mykesightpage.java:14)
	at kcom.qa.pages.Mykesightpage.<init>(Mykesightpage.java:14)
	at kcom.qa.pages.Mykesightpage.<init>(Mykesightpage.java:14)
	at kcom.qa.pages.Mykesightpage.<init>(Mykesightpage.java:14)
	at kcom.qa.pages.Mykesightpage.<init>(Mykesightpage.java:14)
	at kcom.qa.pages.Mykesightpage.<init>(Mykesightpage.java:14)
	at kcom.qa.pages.Mykesightpage.<init>(Mykesightpage.java:14)
	at kcom.qa.pages.Mykesightpage.<init>(Mykesightpage.java:14)
	at kcom.qa.pages.Mykesightpage.<init>(Mykesightpage.java:14)
	at kcom.qa.pages.Mykesightpage.<init>(Mykesightpage.java:14)
	at kcom.qa.pages.Mykesightpage.<init>(Mykesightpage.java:14)
	at kcom.qa.pages.Mykesightpage.<init>(Mykesightpage.java:14)
	at kcom.qa.pages.Mykesightpage.<init>(Mykesightpage.java:14)
	at kcom.qa.pages.Mykesightpage.<init>(Mykesightpage.java:14)
	at kcom.qa.pages.Mykesightpage.<init>(Mykesightpage.java:14)
	at kcom.qa.pages.Mykesightpage.<init>(Mykesightpage.java:14)
	at kcom.qa.pages.Mykesightpage.<init>(Mykesightpage.java:14)
	at kcom.qa.pages.Mykesightpage.<init>(Mykesightpage.java:14)
	at kcom.qa.pages.Mykesightpage.<init>(Mykesightpage.java:14)
	at kcom.qa.pages.Mykesightpage.<init>(Mykesightpage.java:14)
	at kcom.qa.pages.Mykesightpage.<init>(Mykesightpage.java:14)
	at kcom.qa.pages.Mykesightpage.<init>(Mykesightpage.java:14)
	at kcom.qa.pages.Mykesightpage.<init>(Mykesightpage.java:14)
	at kcom.qa.pages.Mykesightpage.<init>(Mykesightpage.java:14)
	at kcom.qa.pages.Mykesightpage.<init>(Mykesightpage.java:14)
	at kcom.qa.pages.Mykesightpage.<init>(Mykesightpage.java:14)
	at kcom.qa.pages.Mykesightpage.<init>(Mykesightpage.java:14)
	at kcom.qa.pages.Mykesightpage.<init>(Mykesightpage.java:14)
	at kcom.qa.pages.Mykesightpage.<init>(Mykesightpage.java:14)
	at kcom.qa.pages.Mykesightpage.<init>(Mykesightpage.java:14)
	at kcom.qa.pages.Mykesightpage.<init>(Mykesightpage.java:14)
	at kcom.qa.pages.Mykesightpage.<init>(Mykesightpage.java:14)
	at kcom.qa.pages.Mykesightpage.<init>(Mykesightpage.java:14)
	at kcom.qa.pages.Mykesightpage.<init>(Mykesightpage.java:14)
	at kcom.qa.pages.Mykesightpage.<init>(Mykesightpage.java:14)
	at kcom.qa.pages.Mykesightpage.<init>(Mykesightpage.java:14)
	at kcom.qa.pages.Mykesightpage.<init>(Mykesightpage.java:14)
	at kcom.qa.pages.Mykesightpage.<init>(Mykesightpage.java:14)
	at kcom.qa.pages.Mykesightpage.<init>(Mykesightpage.java:14)
	at kcom.qa.pages.Mykesightpage.<init>(Mykesightpage.java:14)
	at kcom.qa.pages.Mykesightpage.<init>(Mykesightpage.java:14)
	at kcom.qa.pages.Mykesightpage.<init>(Mykesightpage.java:14)
	at kcom.qa.pages.Mykesightpage.<init>(Mykesightpage.java:14)
	at kcom.qa.pages.Mykesightpage.<init>(Mykesightpage.java:14)
	at kcom.qa.pages.Mykesightpage.<init>(Mykesightpage.java:14)
	at kcom.qa.pages.Mykesightpage.<init>(Mykesightpage.java:14)
	at kcom.qa.pages.Mykesightpage.<init>(Mykesightpage.java:14)
	at kcom.qa.pages.Mykesightpage.<init>(Mykesightpage.java:14)
	at kcom.qa.pages.Mykesightpage.<init>(Mykesightpage.java:14)
	at kcom.qa.pages.Mykesightpage.<init>(Mykesightpage.java:14)
	at kcom.qa.pages.Mykesightpage.<init>(Mykesightpage.java:14)
	at kcom.qa.pages.Mykesightpage.<init>(Mykesightpage.java:14)
	at kcom.qa.pages.Mykesightpage.<init>(Mykesightpage.java:14)
	at kcom.qa.pages.Mykesightpage.<init>(Mykesightpage.java:14)
	at kcom.qa.pages.Mykesightpage.<init>(Mykesightpage.java:14)
	at kcom.qa.pages.Mykesightpage.<init>(Mykesightpage.java:14)
	at kcom.qa.pages.Mykesightpage.<init>(Mykesightpage.java:14)
	at kcom.qa.pages.Mykesightpage.<init>(Mykesightpage.java:14)
	at kcom.qa.pages.Mykesightpage.<init>(Mykesightpage.java:14)
	at kcom.qa.pages.Mykesightpage.<init>(Mykesightpage.java:14)
	at kcom.qa.pages.Mykesightpage.<init>(Mykesightpage.java:14)
	at kcom.qa.pages.Mykesightpage.<init>(Mykesightpage.java:14)
	at kcom.qa.pages.Mykesightpage.<init>(Mykesightpage.java:14)
	at kcom.qa.pages.Mykesightpage.<init>(Mykesightpage.java:14)
	at kcom.qa.pages.Mykesightpage.<init>(Mykesightpage.java:14)
	at kcom.qa.pages.Mykesightpage.<init>(Mykesightpage.java:14)
	at kcom.qa.pages.Mykesightpage.<init>(Mykesightpage.java:14)
	at kcom.qa.pages.Mykesightpage.<init>(Mykesightpage.java:14)
	at kcom.qa.pages.Mykesightpage.<init>(Mykesightpage.java:14)
	at kcom.qa.pages.Mykesightpage.<init>(Mykesightpage.java:14)
	at kcom.qa.pages.Mykesightpage.<init>(Mykesightpage.java:14)
	at kcom.qa.pages.Mykesightpage.<init>(Mykesightpage.java:14)
	at kcom.qa.pages.Mykesightpage.<init>(Mykesightpage.java:14)
	at kcom.qa.pages.Mykesightpage.<init>(Mykesightpage.java:14)
	at kcom.qa.pages.Mykesightpage.<init>(Mykesightpage.java:14)
	at kcom.qa.pages.Mykesightpage.<init>(Mykesightpage.java:14)
	at kcom.qa.pages.Mykesightpage.<init>(Mykesightpage.java:14)
	at kcom.qa.pages.Mykesightpage.<init>(Mykesightpage.java:14)
	at kcom.qa.pages.Mykesightpage.<init>(Mykesightpage.java:14)
	at kcom.qa.pages.Mykesightpage.<init>(Mykesightpage.java:14)
	at kcom.qa.pages.Mykesightpage.<init>(Mykesightpage.java:14)
	at kcom.qa.pages.Mykesightpage.<init>(Mykesightpage.java:14)
	at kcom.qa.pages.Mykesightpage.<init>(Mykesightpage.java:14)
	at kcom.qa.pages.Mykesightpage.<init>(Mykesightpage.java:14)
	at kcom.qa.pages.Mykesightpage.<init>(Mykesightpage.java:14)
	at kcom.qa.pages.Mykesightpage.<init>(Mykesightpage.java:14)
	at kcom.qa.pages.Mykesightpage.<init>(Mykesightpage.java:14)
	at kcom.qa.pages.Mykesightpage.<init>(Mykesightpage.java:14)
	at kcom.qa.pages.Mykesightpage.<init>(Mykesightpage.java:14)
	at kcom.qa.pages.Mykesightpage.<init>(Mykesightpage.java:14)
	at kcom.qa.pages.Mykesightpage.<init>(Mykesightpage.java:14)
	at kcom.qa.pages.Mykesightpage.<init>(Mykesightpage.java:14)
	at kcom.qa.pages.Mykesightpage.<init>(Mykesightpage.java:14)
	at kcom.qa.pages.Mykesightpage.<init>(Mykesightpage.java:14)
	at kcom.qa.pages.Mykesightpage.<init>(Mykesightpage.java:14)
	at kcom.qa.pages.Mykesightpage.<init>(Mykesightpage.java:14)
	at kcom.qa.pages.Mykesightpage.<init>(Mykesightpage.java:14)
	at kcom.qa.pages.Mykesightpage.<init>(Mykesightpage.java:14)
	at kcom.qa.pages.Mykesightpage.<init>(Mykesightpage.java:14)
	at kcom.qa.pages.Mykesightpage.<init>(Mykesightpage.java:14)
	at kcom.qa.pages.Mykesightpage.<init>(Mykesightpage.java:14)
	at kcom.qa.pages.Mykesightpage.<init>(Mykesightpage.java:14)
	at kcom.qa.pages.Mykesightpage.<init>(Mykesightpage.java:14)
	at kcom.qa.pages.Mykesightpage.<init>(Mykesightpage.java:14)
	at kcom.qa.pages.Mykesightpage.<init>(Mykesightpage.java:14)
	at kcom.qa.pages.Mykesightpage.<init>(Mykesightpage.java:14)
	at kcom.qa.pages.Mykesightpage.<init>(Mykesightpage.java:14)
	at kcom.qa.pages.Mykesightpage.<init>(Mykesightpage.java:14)
	at kcom.qa.pages.Mykesightpage.<init>(Mykesightpage.java:14)
	at kcom.qa.pages.Mykesightpage.<init>(Mykesightpage.java:14)
	at kcom.qa.pages.Mykesightpage.<init>(Mykesightpage.java:14)
	at kcom.qa.pages.Mykesightpage.<init>(Mykesightpage.java:14)
	at kcom.qa.pages.Mykesightpage.<init>(Mykesightpage.java:14)
	at kcom.qa.pages.Mykesightpage.<init>(Mykesightpage.java:14)
	at kcom.qa.pages.Mykesightpage.<init>(Mykesightpage.java:14)
	at kcom.qa.pages.Mykesightpage.<init>(Mykesightpage.java:14)
	at kcom.qa.pages.Mykesightpage.<init>(Mykesightpage.java:14)
	at kcom.qa.pages.Mykesightpage.<init>(Mykesightpage.java:14)
	at kcom.qa.pages.Mykesightpage.<init>(Mykesightpage.java:14)
	at kcom.qa.pages.Mykesightpage.<init>(Mykesightpage.java:14)
	at kcom.qa.pages.Mykesightpage.<init>(Mykesightpage.java:14)
	at kcom.qa.pages.Mykesightpage.<init>(Mykesightpage.java:14)
	at kcom.qa.pages.Mykesightpage.<init>(Mykesightpage.java:14)
	at kcom.qa.pages.Mykesightpage.<init>(Mykesightpage.java:14)
	at kcom.qa.pages.Mykesightpage.<init>(Mykesightpage.java:14)
	at kcom.qa.pages.Mykesightpage.<init>(Mykesightpage.java:14)
	at kcom.qa.pages.Mykesightpage.<init>(Mykesightpage.java:14)
	at kcom.qa.pages.Mykesightpage.<init>(Mykesightpage.java:14)
	at kcom.qa.pages.Mykesightpage.<init>(Mykesightpage.java:14)
	at kcom.qa.pages.Mykesightpage.<init>(Mykesightpage.java:14)
	at kcom.qa.pages.Mykesightpage.<init>(Mykesightpage.java:14)
	at kcom.qa.pages.Mykesightpage.<init>(Mykesightpage.java:14)
	at kcom.qa.pages.Mykesightpage.<init>(Mykesightpage.java:14)
	at kcom.qa.pages.Mykesightpage.<init>(Mykesightpage.java:14)
	at kcom.qa.pages.Mykesightpage.<init>(Mykesightpage.java:14)
	at kcom.qa.pages.Mykesightpage.<init>(Mykesightpage.java:14)
	at kcom.qa.pages.Mykesightpage.<init>(Mykesightpage.java:14)
	at kcom.qa.pages.Mykesightpage.<init>(Mykesightpage.java:14)
	at kcom.qa.pages.Mykesightpage.<init>(Mykesightpage.java:14)
	at kcom.qa.pages.Mykesightpage.<init>(Mykesightpage.java:14)
	at kcom.qa.pages.Mykesightpage.<init>(Mykesightpage.java:14)
	at kcom.qa.pages.Mykesightpage.<init>(Mykesightpage.java:14)
	at kcom.qa.pages.Mykesightpage.<init>(Mykesightpage.java:14)
	at kcom.qa.pages.Mykesightpage.<init>(Mykesightpage.java:14)
	at kcom.qa.pages.Mykesightpage.<init>(Mykesightpage.java:14)
	at kcom.qa.pages.Mykesightpage.<init>(Mykesightpage.java:14)
	at kcom.qa.pages.Mykesightpage.<init>(Mykesightpage.java:14)
	at kcom.qa.pages.Mykesightpage.<init>(Mykesightpage.java:14)
	at kcom.qa.pages.Mykesightpage.<init>(Mykesightpage.java:14)
	at kcom.qa.pages.Mykesightpage.<init>(Mykesightpage.java:14)
	at kcom.qa.pages.Mykesightpage.<init>(Mykesightpage.java:14)
	at kcom.qa.pages.Mykesightpage.<init>(Mykesightpage.java:14)
	at kcom.qa.pages.Mykesightpage.<init>(Mykesightpage.java:14)
	at kcom.qa.pages.Mykesightpage.<init>(Mykesightpage.java:14)
	at kcom.qa.pages.Mykesightpage.<init>(Mykesightpage.java:14)
	at kcom.qa.pages.Mykesightpage.<init>(Mykesightpage.java:14)
	at kcom.qa.pages.Mykesightpage.<init>(Mykesightpage.java:14)
	at kcom.qa.pages.Mykesightpage.<init>(Mykesightpage.java:14)
	at kcom.qa.pages.Mykesightpage.<init>(Mykesightpage.java:14)
	at kcom.qa.pages.Mykesightpage.<init>(Mykesightpage.java:14)
	at kcom.qa.pages.Mykesightpage.<init>(Mykesightpage.java:14)
	at kcom.qa.pages.Mykesightpage.<init>(Mykesightpage.java:14)
	at kcom.qa.pages.Mykesightpage.<init>(Mykesightpage.java:14)
	at kcom.qa.pages.Mykesightpage.<init>(Mykesightpage.java:14)
	at kcom.qa.pages.Mykesightpage.<init>(Mykesightpage.java:14)
	at kcom.qa.pages.Mykesightpage.<init>(Mykesightpage.java:14)
	at kcom.qa.pages.Mykesightpage.<init>(Mykesightpage.java:14)
	at kcom.qa.pages.Mykesightpage.<init>(Mykesightpage.java:14)
	at kcom.qa.pages.Mykesightpage.<init>(Mykesightpage.java:14)
	at kcom.qa.pages.Mykesightpage.<init>(Mykesightpage.java:14)
	at kcom.qa.pages.Mykesightpage.<init>(Mykesightpage.java:14)
	at kcom.qa.pages.Mykesightpage.<init>(Mykesightpage.java:14)
	at kcom.qa.pages.Mykesightpage.<init>(Mykesightpage.java:14)
	at kcom.qa.pages.Mykesightpage.<init>(Mykesightpage.java:14)
	at kcom.qa.pages.Mykesightpage.<init>(Mykesightpage.java:14)
	at kcom.qa.pages.Mykesightpage.<init>(Mykesightpage.java:14)
	at kcom.qa.pages.Mykesightpage.<init>(Mykesightpage.java:14)
	at kcom.qa.pages.Mykesightpage.<init>(Mykesightpage.java:14)
	at kcom.qa.pages.Mykesightpage.<init>(Mykesightpage.java:14)
	at kcom.qa.pages.Mykesightpage.<init>(Mykesightpage.java:14)
	at kcom.qa.pages.Mykesightpage.<init>(Mykesightpage.java:14)
	at kcom.qa.pages.Mykesightpage.<init>(Mykesightpage.java:14)
	at kcom.qa.pages.Mykesightpage.<init>(Mykesightpage.java:14)
	at kcom.qa.pages.Mykesightpage.<init>(Mykesightpage.java:14)
	at kcom.qa.pages.Mykesightpage.<init>(Mykesightpage.java:14)
	at kcom.qa.pages.Mykesightpage.<init>(Mykesightpage.java:14)
	at kcom.qa.pages.Mykesightpage.<init>(Mykesightpage.java:14)
	at kcom.qa.pages.Mykesightpage.<init>(Mykesightpage.java:14)
	at kcom.qa.pages.Mykesightpage.<init>(Mykesightpage.java:14)
	at kcom.qa.pages.Mykesightpage.<init>(Mykesightpage.java:14)
	at kcom.qa.pages.Mykesightpage.<init>(Mykesightpage.java:14)
	at kcom.qa.pages.Mykesightpage.<init>(Mykesightpage.java:14)
	at kcom.qa.pages.Mykesightpage.<init>(Mykesightpage.java:14)
	at kcom.qa.pages.Mykesightpage.<init>(Mykesightpage.java:14)
	at kcom.qa.pages.Mykesightpage.<init>(Mykesightpage.java:14)
	at kcom.qa.pages.Mykesightpage.<init>(Mykesightpage.java:14)
	at kcom.qa.pages.Mykesightpage.<init>(Mykesightpage.java:14)
	at kcom.qa.pages.Mykesightpage.<init>(Mykesightpage.java:14)
	at kcom.qa.pages.Mykesightpage.<init>(Mykesightpage.java:14)
	at kcom.qa.pages.Mykesightpage.<init>(Mykesightpage.java:14)
	at kcom.qa.pages.Mykesightpage.<init>(Mykesightpage.java:14)
	at kcom.qa.pages.Mykesightpage.<init>(Mykesightpage.java:14)
	at kcom.qa.pages.Mykesightpage.<init>(Mykesightpage.java:14)
	at kcom.qa.pages.Mykesightpage.<init>(Mykesightpage.java:14)
	at kcom.qa.pages.Mykesightpage.<init>(Mykesightpage.java:14)
	at kcom.qa.pages.Mykesightpage.<init>(Mykesightpage.java:14)
	at kcom.qa.pages.Mykesightpage.<init>(Mykesightpage.java:14)
	at kcom.qa.pages.Mykesightpage.<init>(Mykesightpage.java:14)
	at kcom.qa.pages.Mykesightpage.<init>(Mykesightpage.java:14)
	at kcom.qa.pages.Mykesightpage.<init>(Mykesightpage.java:14)
	at kcom.qa.pages.Mykesightpage.<init>(Mykesightpage.java:14)
	at kcom.qa.pages.Mykesightpage.<init>(Mykesightpage.java:14)
	at kcom.qa.pages.Mykesightpage.<init>(Mykesightpage.java:14)
	at kcom.qa.pages.Mykesightpage.<init>(Mykesightpage.java:14)
	at kcom.qa.pages.Mykesightpage.<init>(Mykesightpage.java:14)
	at kcom.qa.pages.Mykesightpage.<init>(Mykesightpage.java:14)
	at kcom.qa.pages.Mykesightpage.<init>(Mykesightpage.java:14)
	at kcom.qa.pages.Mykesightpage.<init>(Mykesightpage.java:14)
	at kcom.qa.pages.Mykesightpage.<init>(Mykesightpage.java:14)
	at kcom.qa.pages.Mykesightpage.<init>(Mykesightpage.java:14)
	at kcom.qa.pages.Mykesightpage.<init>(Mykesightpage.java:14)
	at kcom.qa.pages.Mykesightpage.<init>(Mykesightpage.java:14)
	at kcom.qa.pages.Mykesightpage.<init>(Mykesightpage.java:14)
	at kcom.qa.pages.Mykesightpage.<init>(Mykesightpage.java:14)
	at kcom.qa.pages.Mykesightpage.<init>(Mykesightpage.java:14)
	at kcom.qa.pages.Mykesightpage.<init>(Mykesightpage.java:14)
	at kcom.qa.pages.Mykesightpage.<init>(Mykesightpage.java:14)
	at kcom.qa.pages.Mykesightpage.<init>(Mykesightpage.java:14)
	at kcom.qa.pages.Mykesightpage.<init>(Mykesightpage.java:14)
	at kcom.qa.pages.Mykesightpage.<init>(Mykesightpage.java:14)
	at kcom.qa.pages.Mykesightpage.<init>(Mykesightpage.java:14)
	at kcom.qa.pages.Mykesightpage.<init>(Mykesightpage.java:14)
	at kcom.qa.pages.Mykesightpage.<init>(Mykesightpage.java:14)
	at kcom.qa.pages.Mykesightpage.<init>(Mykesightpage.java:14)
	at kcom.qa.pages.Mykesightpage.<init>(Mykesightpage.java:14)
	at kcom.qa.pages.Mykesightpage.<init>(Mykesightpage.java:14)
	at kcom.qa.pages.Mykesightpage.<init>(Mykesightpage.java:14)
	at kcom.qa.pages.Mykesightpage.<init>(Mykesightpage.java:14)
	at kcom.qa.pages.Mykesightpage.<init>(Mykesightpage.java:14)
	at kcom.qa.pages.Mykesightpage.<init>(Mykesightpage.java:14)
	at kcom.qa.pages.Mykesightpage.<init>(Mykesightpage.java:14)
	at kcom.qa.pages.Mykesightpage.<init>(Mykesightpage.java:14)
	at kcom.qa.pages.Mykesightpage.<init>(Mykesightpage.java:14)
	at kcom.qa.pages.Mykesightpage.<init>(Mykesightpage.java:14)
	at kcom.qa.pages.Mykesightpage.<init>(Mykesightpage.java:14)
	at kcom.qa.pages.Mykesightpage.<init>(Mykesightpage.java:14)
	at kcom.qa.pages.Mykesightpage.<init>(Mykesightpage.java:14)
	at kcom.qa.pages.Mykesightpage.<init>(Mykesightpage.java:14)
	at kcom.qa.pages.Mykesightpage.<init>(Mykesightpage.java:14)
	at kcom.qa.pages.Mykesightpage.<init>(Mykesightpage.java:14)
	at kcom.qa.pages.Mykesightpage.<init>(Mykesightpage.java:14)
	at kcom.qa.pages.Mykesightpage.<init>(Mykesightpage.java:14)
	at kcom.qa.pages.Mykesightpage.<init>(Mykesightpage.java:14)
	at kcom.qa.pages.Mykesightpage.<init>(Mykesightpage.java:14)
	at kcom.qa.pages.Mykesightpage.<init>(Mykesightpage.java:14)
	at kcom.qa.pages.Mykesightpage.<init>(Mykesightpage.java:14)
	at kcom.qa.pages.Mykesightpage.<init>(Mykesightpage.java:14)
	at kcom.qa.pages.Mykesightpage.<init>(Mykesightpage.java:14)
	at kcom.qa.pages.Mykesightpage.<init>(Mykesightpage.java:14)
	at kcom.qa.pages.Mykesightpage.<init>(Mykesightpage.java:14)
	at kcom.qa.pages.Mykesightpage.<init>(Mykesightpage.java:14)
	at kcom.qa.pages.Mykesightpage.<init>(Mykesightpage.java:14)
	at kcom.qa.pages.Mykesightpage.<init>(Mykesightpage.java:14)
	at kcom.qa.pages.Mykesightpage.<init>(Mykesightpage.java:14)
	at kcom.qa.pages.Mykesightpage.<init>(Mykesightpage.java:14)
	at kcom.qa.pages.Mykesightpage.<init>(Mykesightpage.java:14)
	at kcom.qa.pages.Mykesightpage.<init>(Mykesightpage.java:14)
	at kcom.qa.pages.Mykesightpage.<init>(Mykesightpage.java:14)
	at kcom.qa.pages.Mykesightpage.<init>(Mykesightpage.java:14)
	at kcom.qa.pages.Mykesightpage.<init>(Mykesightpage.java:14)
	at kcom.qa.pages.Mykesightpage.<init>(Mykesightpage.java:14)
	at kcom.qa.pages.Mykesightpage.<init>(Mykesightpage.java:14)
	at kcom.qa.pages.Mykesightpage.<init>(Mykesightpage.java:14)
	at kcom.qa.pages.Mykesightpage.<init>(Mykesightpage.java:14)
	at kcom.qa.pages.Mykesightpage.<init>(Mykesightpage.java:14)
	at kcom.qa.pages.Mykesightpage.<init>(Mykesightpage.java:14)
	at kcom.qa.pages.Mykesightpage.<init>(Mykesightpage.java:14)
	at kcom.qa.pages.Mykesightpage.<init>(Mykesightpage.java:14)
	at kcom.qa.pages.Mykesightpage.<init>(Mykesightpage.java:14)
	at kcom.qa.pages.Mykesightpage.<init>(Mykesightpage.java:14)
	at kcom.qa.pages.Mykesightpage.<init>(Mykesightpage.java:14)
	at kcom.qa.pages.Mykesightpage.<init>(Mykesightpage.java:14)
	at kcom.qa.pages.Mykesightpage.<init>(Mykesightpage.java:14)
	at kcom.qa.pages.Mykesightpage.<init>(Mykesightpage.java:14)
	at kcom.qa.pages.Mykesightpage.<init>(Mykesightpage.java:14)
	at kcom.qa.pages.Mykesightpage.<init>(Mykesightpage.java:14)
	at kcom.qa.pages.Mykesightpage.<init>(Mykesightpage.java:14)
	at kcom.qa.pages.Mykesightpage.<init>(Mykesightpage.java:14)
	at kcom.qa.pages.Mykesightpage.<init>(Mykesightpage.java:14)
	at kcom.qa.pages.Mykesightpage.<init>(Mykesightpage.java:14)
	at kcom.qa.pages.Mykesightpage.<init>(Mykesightpage.java:14)
	at kcom.qa.pages.Mykesightpage.<init>(Mykesightpage.java:14)
	at kcom.qa.pages.Mykesightpage.<init>(Mykesightpage.java:14)
	at kcom.qa.pages.Mykesightpage.<init>(Mykesightpage.java:14)
	at kcom.qa.pages.Mykesightpage.<init>(Mykesightpage.java:14)
	at kcom.qa.pages.Mykesightpage.<init>(Mykesightpage.java:14)
	at kcom.qa.pages.Mykesightpage.<init>(Mykesightpage.java:14)
	at kcom.qa.pages.Mykesightpage.<init>(Mykesightpage.java:14)
	at kcom.qa.pages.Mykesightpage.<init>(Mykesightpage.java:14)
	at kcom.qa.pages.Mykesightpage.<init>(Mykesightpage.java:14)
	at kcom.qa.pages.Mykesightpage.<init>(Mykesightpage.java:14)
	at kcom.qa.pages.Mykesightpage.<init>(Mykesightpage.java:14)
	at kcom.qa.pages.Mykesightpage.<init>(Mykesightpage.java:14)
	at kcom.qa.pages.Mykesightpage.<init>(Mykesightpage.java:14)
	at kcom.qa.pages.Mykesightpage.<init>(Mykesightpage.java:14)
	at kcom.qa.pages.Mykesightpage.<init>(Mykesightpage.java:14)
	at kcom.qa.pages.Mykesightpage.<init>(Mykesightpage.java:14)
	at kcom.qa.pages.Mykesightpage.<init>(Mykesightpage.java:14)
	at kcom.qa.pages.Mykesightpage.<init>(Mykesightpage.java:14)
	at kcom.qa.pages.Mykesightpage.<init>(Mykesightpage.java:14)
	at kcom.qa.pages.Mykesightpage.<init>(Mykesightpage.java:14)
	at kcom.qa.pages.Mykesightpage.<init>(Mykesightpage.java:14)
	at kcom.qa.pages.Mykesightpage.<init>(Mykesightpage.java:14)
	at kcom.qa.pages.Mykesightpage.<init>(Mykesightpage.java:14)
	at kcom.qa.pages.Mykesightpage.<init>(Mykesightpage.java:14)
	at kcom.qa.pages.Mykesightpage.<init>(Mykesightpage.java:14)
	at kcom.qa.pages.Mykesightpage.<init>(Mykesightpage.java:14)
	at kcom.qa.pages.Mykesightpage.<init>(Mykesightpage.java:14)
	at kcom.qa.pages.Mykesightpage.<init>(Mykesightpage.java:14)
	at kcom.qa.pages.Mykesightpage.<init>(Mykesightpage.java:14)
	at kcom.qa.pages.Mykesightpage.<init>(Mykesightpage.java:14)
	at kcom.qa.pages.Mykesightpage.<init>(Mykesightpage.java:14)
	at kcom.qa.pages.Mykesightpage.<init>(Mykesightpage.java:14)
	at kcom.qa.pages.Mykesightpage.<init>(Mykesightpage.java:14)
	at kcom.qa.pages.Mykesightpage.<init>(Mykesightpage.java:14)
	at kcom.qa.pages.Mykesightpage.<init>(Mykesightpage.java:14)
	at kcom.qa.pages.Mykesightpage.<init>(Mykesightpage.java:14)
	at kcom.qa.pages.Mykesightpage.<init>(Mykesightpage.java:14)
	at kcom.qa.pages.Mykesightpage.<init>(Mykesightpage.java:14)
	at kcom.qa.pages.Mykesightpage.<init>(Mykesightpage.java:14)
	at kcom.qa.pages.Mykesightpage.<init>(Mykesightpage.java:14)
	at kcom.qa.pages.Mykesightpage.<init>(Mykesightpage.java:14)
	at kcom.qa.pages.Mykesightpage.<init>(Mykesightpage.java:14)
	at kcom.qa.pages.Mykesightpage.<init>(Mykesightpage.java:14)
	at kcom.qa.pages.Mykesightpage.<init>(Mykesightpage.java:14)
	at kcom.qa.pages.Mykesightpage.<init>(Mykesightpage.java:14)
	at kcom.qa.pages.Mykesightpage.<init>(Mykesightpage.java:14)
	at kcom.qa.pages.Mykesightpage.<init>(Mykesightpage.java:14)
	at kcom.qa.pages.Mykesightpage.<init>(Mykesightpage.java:14)
	at kcom.qa.pages.Mykesightpage.<init>(Mykesightpage.java:14)
	at kcom.qa.pages.Mykesightpage.<init>(Mykesightpage.java:14)
	at kcom.qa.pages.Mykesightpage.<init>(Mykesightpage.java:14)
	at kcom.qa.pages.Mykesightpage.<init>(Mykesightpage.java:14)
	at kcom.qa.pages.Mykesightpage.<init>(Mykesightpage.java:14)
	at kcom.qa.pages.Mykesightpage.<init>(Mykesightpage.java:14)
	at kcom.qa.pages.Mykesightpage.<init>(Mykesightpage.java:14)
	at kcom.qa.pages.Mykesightpage.<init>(Mykesightpage.java:14)
	at kcom.qa.pages.Mykesightpage.<init>(Mykesightpage.java:14)
	at kcom.qa.pages.Mykesightpage.<init>(Mykesightpage.java:14)
	at kcom.qa.pages.Mykesightpage.<init>(Mykesightpage.java:14)
	at kcom.qa.pages.Mykesightpage.<init>(Mykesightpage.java:14)
	at kcom.qa.pages.Mykesightpage.<init>(Mykesightpage.java:14)
	at kcom.qa.pages.Mykesightpage.<init>(Mykesightpage.java:14)
	at kcom.qa.pages.Mykesightpage.<init>(Mykesightpage.java:14)
	at kcom.qa.pages.Mykesightpage.<init>(Mykesightpage.java:14)
	at kcom.qa.pages.Mykesightpage.<init>(Mykesightpage.java:14)
	at kcom.qa.pages.Mykesightpage.<init>(Mykesightpage.java:14)
	at kcom.qa.pages.Mykesightpage.<init>(Mykesightpage.java:14)
	at kcom.qa.pages.Mykesightpage.<init>(Mykesightpage.java:14)
	at kcom.qa.pages.Mykesightpage.<init>(Mykesightpage.java:14)
	at kcom.qa.pages.Mykesightpage.<init>(Mykesightpage.java:14)
	at kcom.qa.pages.Mykesightpage.<init>(Mykesightpage.java:14)
	at kcom.qa.pages.Mykesightpage.<init>(Mykesightpage.java:14)
	at kcom.qa.pages.Mykesightpage.<init>(Mykesightpage.java:14)
	at kcom.qa.pages.Mykesightpage.<init>(Mykesightpage.java:14)
	at kcom.qa.pages.Mykesightpage.<init>(Mykesightpage.java:14)
	at kcom.qa.pages.Mykesightpage.<init>(Mykesightpage.java:14)
	at kcom.qa.pages.Mykesightpage.<init>(Mykesightpage.java:14)
	at kcom.qa.pages.Mykesightpage.<init>(Mykesightpage.java:14)
	at kcom.qa.pages.Mykesightpage.<init>(Mykesightpage.java:14)
	at kcom.qa.pages.Mykesightpage.<init>(Mykesightpage.java:14)
	at kcom.qa.pages.Mykesightpage.<init>(Mykesightpage.java:14)
	at kcom.qa.pages.Mykesightpage.<init>(Mykesightpage.java:14)
	at kcom.qa.pages.Mykesightpage.<init>(Mykesightpage.java:14)
	at kcom.qa.pages.Mykesightpage.<init>(Mykesightpage.java:14)
	at kcom.qa.pages.Mykesightpage.<init>(Mykesightpage.java:14)
	at kcom.qa.pages.Mykesightpage.<init>(Mykesightpage.java:14)
	at kcom.qa.pages.Mykesightpage.<init>(Mykesightpage.java:14)
	at kcom.qa.pages.Mykesightpage.<init>(Mykesightpage.java:14)
	at kcom.qa.pages.Mykesightpage.<init>(Mykesightpage.java:14)
	at kcom.qa.pages.Mykesightpage.<init>(Mykesightpage.java:14)
	at kcom.qa.pages.Mykesightpage.<init>(Mykesightpage.java:14)
	at kcom.qa.pages.Mykesightpage.<init>(Mykesightpage.java:14)
	at kcom.qa.pages.Mykesightpage.<init>(Mykesightpage.java:14)
	at kcom.qa.pages.Mykesightpage.<init>(Mykesightpage.java:14)
	at kcom.qa.pages.Mykesightpage.<init>(Mykesightpage.java:14)
	at kcom.qa.pages.Mykesightpage.<init>(Mykesightpage.java:14)
	at kcom.qa.pages.Mykesightpage.<init>(Mykesightpage.java:14)
	at kcom.qa.pages.Mykesightpage.<init>(Mykesightpage.java:14)
	at kcom.qa.pages.Mykesightpage.<init>(Mykesightpage.java:14)
	at kcom.qa.pages.Mykesightpage.<init>(Mykesightpage.java:14)
	at kcom.qa.pages.Mykesightpage.<init>(Mykesightpage.java:14)
	at kcom.qa.pages.Mykesightpage.<init>(Mykesightpage.java:14)
	at kcom.qa.pages.Mykesightpage.<init>(Mykesightpage.java:14)
	at kcom.qa.pages.Mykesightpage.<init>(Mykesightpage.java:14)
	at kcom.qa.pages.Mykesightpage.<init>(Mykesightpage.java:14)
	at kcom.qa.pages.Mykesightpage.<init>(Mykesightpage.java:14)
	at kcom.qa.pages.Mykesightpage.<init>(Mykesightpage.java:14)
	at kcom.qa.pages.Mykesightpage.<init>(Mykesightpage.java:14)
	at kcom.qa.pages.Mykesightpage.<init>(Mykesightpage.java:14)
	at kcom.qa.pages.Mykesightpage.<init>(Mykesightpage.java:14)
	at kcom.qa.pages.Mykesightpage.<init>(Mykesightpage.java:14)
	at kcom.qa.pages.Mykesightpage.<init>(Mykesightpage.java:14)
	at kcom.qa.pages.Mykesightpage.<init>(Mykesightpage.java:14)
	at kcom.qa.pages.Mykesightpage.<init>(Mykesightpage.java:14)
	at kcom.qa.pages.Mykesightpage.<init>(Mykesightpage.java:14)
	at kcom.qa.pages.Mykesightpage.<init>(Mykesightpage.java:14)
	at kcom.qa.pages.Mykesightpage.<init>(Mykesightpage.java:14)
	at kcom.qa.pages.Mykesightpage.<init>(Mykesightpage.java:14)
	at kcom.qa.pages.Mykesightpage.<init>(Mykesightpage.java:14)
	at kcom.qa.pages.Mykesightpage.<init>(Mykesightpage.java:14)
	at kcom.qa.pages.Mykesightpage.<init>(Mykesightpage.java:14)
	at kcom.qa.pages.Mykesightpage.<init>(Mykesightpage.java:14)
	at kcom.qa.pages.Mykesightpage.<init>(Mykesightpage.java:14)
	at kcom.qa.pages.Mykesightpage.<init>(Mykesightpage.java:14)
	at kcom.qa.pages.Mykesightpage.<init>(Mykesightpage.java:14)
	at kcom.qa.pages.Mykesightpage.<init>(Mykesightpage.java:14)
	at kcom.qa.pages.Mykesightpage.<init>(Mykesightpage.java:14)
	at kcom.qa.pages.Mykesightpage.<init>(Mykesightpage.java:14)
	at kcom.qa.pages.Mykesightpage.<init>(Mykesightpage.java:14)
	at kcom.qa.pages.Mykesightpage.<init>(Mykesightpage.java:14)
	at kcom.qa.pages.Mykesightpage.<init>(Mykesightpage.java:14)
	at kcom.qa.pages.Mykesightpage.<init>(Mykesightpage.java:14)
	at kcom.qa.pages.Mykesightpage.<init>(Mykesightpage.java:14)
	at kcom.qa.pages.Mykesightpage.<init>(Mykesightpage.java:14)
	at kcom.qa.pages.Mykesightpage.<init>(Mykesightpage.java:14)
	at kcom.qa.pages.Mykesightpage.<init>(Mykesightpage.java:14)
	at kcom.qa.pages.Mykesightpage.<init>(Mykesightpage.java:14)
	at kcom.qa.pages.Mykesightpage.<init>(Mykesightpage.java:14)
	at kcom.qa.pages.Mykesightpage.<init>(Mykesightpage.java:14)
	at kcom.qa.pages.Mykesightpage.<init>(Mykesightpage.java:14)
	at kcom.qa.pages.Mykesightpage.<init>(Mykesightpage.java:14)
	at kcom.qa.pages.Mykesightpage.<init>(Mykesightpage.java:14)
	at kcom.qa.pages.Mykesightpage.<init>(Mykesightpage.java:14)
	at kcom.qa.pages.Mykesightpage.<init>(Mykesightpage.java:14)
	at kcom.qa.pages.Mykesightpage.<init>(Mykesightpage.java:14)
	at kcom.qa.pages.Mykesightpage.<init>(Mykesightpage.java:14)
	at kcom.qa.pages.Mykesightpage.<init>(Mykesightpage.java:14)
	at kcom.qa.pages.Mykesightpage.<init>(Mykesightpage.java:14)
	at kcom.qa.pages.Mykesightpage.<init>(Mykesightpage.java:14)
	at kcom.qa.pages.Mykesightpage.<init>(Mykesightpage.java:14)
	at kcom.qa.pages.Mykesightpage.<init>(Mykesightpage.java:14)
	at kcom.qa.pages.Mykesightpage.<init>(Mykesightpage.java:14)
	at kcom.qa.pages.Mykesightpage.<init>(Mykesightpage.java:14)
	at kcom.qa.pages.Mykesightpage.<init>(Mykesightpage.java:14)
	at kcom.qa.pages.Mykesightpage.<init>(Mykesightpage.java:14)
	at kcom.qa.pages.Mykesightpage.<init>(Mykesightpage.java:14)
	at kcom.qa.pages.Mykesightpage.<init>(Mykesightpage.java:14)
	at kcom.qa.pages.Mykesightpage.<init>(Mykesightpage.java:14)
	at kcom.qa.pages.Mykesightpage.<init>(Mykesightpage.java:14)
	at kcom.qa.pages.Mykesightpage.<init>(Mykesightpage.java:14)
	at kcom.qa.pages.Mykesightpage.<init>(Mykesightpage.java:14)
	at kcom.qa.pages.Mykesightpage.<init>(Mykesightpage.java:14)
	at kcom.qa.pages.Mykesightpage.<init>(Mykesightpage.java:14)
	at kcom.qa.pages.Mykesightpage.<init>(Mykesightpage.java:14)
	at kcom.qa.pages.Mykesightpage.<init>(Mykesightpage.java:14)
	at kcom.qa.pages.Mykesightpage.<init>(Mykesightpage.java:14)
	at kcom.qa.pages.Mykesightpage.<init>(Mykesightpage.java:14)
	at kcom.qa.pages.Mykesightpage.<init>(Mykesightpage.java:14)
	at kcom.qa.pages.Mykesightpage.<init>(Mykesightpage.java:14)
	at kcom.qa.pages.Mykesightpage.<init>(Mykesightpage.java:14)
	at kcom.qa.pages.Mykesightpage.<init>(Mykesightpage.java:14)
	at kcom.qa.pages.Mykesightpage.<init>(Mykesightpage.java:14)
	at kcom.qa.pages.Mykesightpage.<init>(Mykesightpage.java:14)
	at kcom.qa.pages.Mykesightpage.<init>(Mykesightpage.java:14)
	at kcom.qa.pages.Mykesightpage.<init>(Mykesightpage.java:14)
	at kcom.qa.pages.Mykesightpage.<init>(Mykesightpage.java:14)
	at kcom.qa.pages.Mykesightpage.<init>(Mykesightpage.java:14)
	at kcom.qa.pages.Mykesightpage.<init>(Mykesightpage.java:14)
	at kcom.qa.pages.Mykesightpage.<init>(Mykesightpage.java:14)
	at kcom.qa.pages.Mykesightpage.<init>(Mykesightpage.java:14)
	at kcom.qa.pages.Mykesightpage.<init>(Mykesightpage.java:14)
	at kcom.qa.pages.Mykesightpage.<init>(Mykesightpage.java:14)
	at kcom.qa.pages.Mykesightpage.<init>(Mykesightpage.java:14)
	at kcom.qa.pages.Mykesightpage.<init>(Mykesightpage.java:14)
	at kcom.qa.pages.Mykesightpage.<init>(Mykesightpage.java:14)
	at kcom.qa.pages.Mykesightpage.<init>(Mykesightpage.java:14)
	at kcom.qa.pages.Mykesightpage.<init>(Mykesightpage.java:14)
	at kcom.qa.pages.Mykesightpage.<init>(Mykesightpage.java:14)
	at kcom.qa.pages.Mykesightpage.<init>(Mykesightpage.java:14)
	at kcom.qa.pages.Mykesightpage.<init>(Mykesightpage.java:14)
	at kcom.qa.pages.Mykesightpage.<init>(Mykesightpage.java:14)
	at kcom.qa.pages.Mykesightpage.<init>(Mykesightpage.java:14)
	at kcom.qa.pages.Mykesightpage.<init>(Mykesightpage.java:14)
	at kcom.qa.pages.Mykesightpage.<init>(Mykesightpage.java:14)
	at kcom.qa.pages.Mykesightpage.<init>(Mykesightpage.java:14)
	at kcom.qa.pages.Mykesightpage.<init>(Mykesightpage.java:14)
	at kcom.qa.pages.Mykesightpage.<init>(Mykesightpage.java:14)
	at kcom.qa.pages.Mykesightpage.<init>(Mykesightpage.java:14)
	at kcom.qa.pages.Mykesightpage.<init>(Mykesightpage.java:14)
	at kcom.qa.pages.Mykesightpage.<init>(Mykesightpage.java:14)
	at kcom.qa.pages.Mykesightpage.<init>(Mykesightpage.java:14)
	at kcom.qa.pages.Mykesightpage.<init>(Mykesightpage.java:14)
	at kcom.qa.pages.Mykesightpage.<init>(Mykesightpage.java:14)
	at kcom.qa.pages.Mykesightpage.<init>(Mykesightpage.java:14)
	at kcom.qa.pages.Mykesightpage.<init>(Mykesightpage.java:14)
	at kcom.qa.pages.Mykesightpage.<init>(Mykesightpage.java:14)
	at kcom.qa.pages.Mykesightpage.<init>(Mykesightpage.java:14)
	at kcom.qa.pages.Mykesightpage.<init>(Mykesightpage.java:14)
	at kcom.qa.pages.Mykesightpage.<init>(Mykesightpage.java:14)
	at kcom.qa.pages.Mykesightpage.<init>(Mykesightpage.java:14)
	at kcom.qa.pages.Mykesightpage.<init>(Mykesightpage.java:14)
	at kcom.qa.pages.Mykesightpage.<init>(Mykesightpage.java:14)
	at kcom.qa.pages.Mykesightpage.<init>(Mykesightpage.java:14)
	at kcom.qa.pages.Mykesightpage.<init>(Mykesightpage.java:14)
	at kcom.qa.pages.Mykesightpage.<init>(Mykesightpage.java:14)
	at kcom.qa.pages.Mykesightpage.<init>(Mykesightpage.java:14)
	at kcom.qa.pages.Mykesightpage.<init>(Mykesightpage.java:14)
	at kcom.qa.pages.Mykesightpage.<init>(Mykesightpage.java:14)
	at kcom.qa.pages.Mykesightpage.<init>(Mykesightpage.java:14)
	at kcom.qa.pages.Mykesightpage.<init>(Mykesightpage.java:14)
	at kcom.qa.pages.Mykesightpage.<init>(Mykesightpage.java:14)
	at kcom.qa.pages.Mykesightpage.<init>(Mykesightpage.java:14)
	at kcom.qa.pages.Mykesightpage.<init>(Mykesightpage.java:14)
	at kcom.qa.pages.Mykesightpage.<init>(Mykesightpage.java:14)
	at kcom.qa.pages.Mykesightpage.<init>(Mykesightpage.java:14)
	at kcom.qa.pages.Mykesightpage.<init>(Mykesightpage.java:14)
	at kcom.qa.pages.Mykesightpage.<init>(Mykesightpage.java:14)
	at kcom.qa.pages.Mykesightpage.<init>(Mykesightpage.java:14)
	at kcom.qa.pages.Mykesightpage.<init>(Mykesightpage.java:14)
	at kcom.qa.pages.Mykesightpage.<init>(Mykesightpage.java:14)
	at kcom.qa.pages.Mykesightpage.<init>(Mykesightpage.java:14)
	at kcom.qa.pages.Mykesightpage.<init>(Mykesightpage.java:14)
	at kcom.qa.pages.Mykesightpage.<init>(Mykesightpage.java:14)
	at kcom.qa.pages.Mykesightpage.<init>(Mykesightpage.java:14)
	at kcom.qa.pages.Mykesightpage.<init>(Mykesightpage.java:14)
	at kcom.qa.pages.Mykesightpage.<init>(Mykesightpage.java:14)
	at kcom.qa.pages.Mykesightpage.<init>(Mykesightpage.java:14)
	at kcom.qa.pages.Mykesightpage.<init>(Mykesightpage.java:14)
	at kcom.qa.pages.Mykesightpage.<init>(Mykesightpage.java:14)
	at kcom.qa.pages.Mykesightpage.<init>(Mykesightpage.java:14)
	at kcom.qa.pages.Mykesightpage.<init>(Mykesightpage.java:14)
	at kcom.qa.pages.Mykesightpage.<init>(Mykesightpage.java:14)
	at kcom.qa.pages.Mykesightpage.<init>(Mykesightpage.java:14)
	at kcom.qa.pages.Mykesightpage.<init>(Mykesightpage.java:14)
	at kcom.qa.pages.Mykesightpage.<init>(Mykesightpage.java:14)
	at kcom.qa.pages.Mykesightpage.<init>(Mykesightpage.java:14)
	at kcom.qa.pages.Mykesightpage.<init>(Mykesightpage.java:14)
	at kcom.qa.pages.Mykesightpage.<init>(Mykesightpage.java:14)
	at kcom.qa.pages.Mykesightpage.<init>(Mykesightpage.java:14)
	at kcom.qa.pages.Mykesightpage.<init>(Mykesightpage.java:14)
	at kcom.qa.pages.Mykesightpage.<init>(Mykesightpage.java:14)
	at kcom.qa.pages.Mykesightpage.<init>(Mykesightpage.java:14)
	at kcom.qa.pages.Mykesightpage.<init>(Mykesightpage.java:14)
	at kcom.qa.pages.Mykesightpage.<init>(Mykesightpage.java:14)
	at kcom.qa.pages.Mykesightpage.<init>(Mykesightpage.java:14)
	at kcom.qa.pages.Mykesightpage.<init>(Mykesightpage.java:14)
	at kcom.qa.pages.Mykesightpage.<init>(Mykesightpage.java:14)
	at kcom.qa.pages.Mykesightpage.<init>(Mykesightpage.java:14)
	at kcom.qa.pages.Mykesightpage.<init>(Mykesightpage.java:14)
	at kcom.qa.pages.Mykesightpage.<init>(Mykesightpage.java:14)
	at kcom.qa.pages.Mykesightpage.<init>(Mykesightpage.java:14)
	at kcom.qa.pages.Mykesightpage.<init>(Mykesightpage.java:14)
	at kcom.qa.pages.Mykesightpage.<init>(Mykesightpage.java:14)
	at kcom.qa.pages.Mykesightpage.<init>(Mykesightpage.java:14)
	at kcom.qa.pages.Mykesightpage.<init>(Mykesightpage.java:14)
	at kcom.qa.pages.Mykesightpage.<init>(Mykesightpage.java:14)
	at kcom.qa.pages.Mykesightpage.<init>(Mykesightpage.java:14)
	at kcom.qa.pages.Mykesightpage.<init>(Mykesightpage.java:14)
	at kcom.qa.pages.Mykesightpage.<init>(Mykesightpage.java:14)
	at kcom.qa.pages.Mykesightpage.<init>(Mykesightpage.java:14)
	at kcom.qa.pages.Mykesightpage.<init>(Mykesightpage.java:14)
	at kcom.qa.pages.Mykesightpage.<init>(Mykesightpage.java:14)
	at kcom.qa.pages.Mykesightpage.<init>(Mykesightpage.java:14)
	at kcom.qa.pages.Mykesightpage.<init>(Mykesightpage.java:14)
	at kcom.qa.pages.Mykesightpage.<init>(Mykesightpage.java:14)
	at kcom.qa.pages.Mykesightpage.<init>(Mykesightpage.java:14)
	at kcom.qa.pages.Mykesightpage.<init>(Mykesightpage.java:14)
	at kcom.qa.pages.Mykesightpage.<init>(Mykesightpage.java:14)
	at kcom.qa.pages.Mykesightpage.<init>(Mykesightpage.java:14)
	at kcom.qa.pages.Mykesightpage.<init>(Mykesightpage.java:14)
	at kcom.qa.pages.Mykesightpage.<init>(Mykesightpage.java:14)
	at kcom.qa.pages.Mykesightpage.<init>(Mykesightpage.java:14)
	at kcom.qa.pages.Mykesightpage.<init>(Mykesightpage.java:14)
	at kcom.qa.pages.Mykesightpage.<init>(Mykesightpage.java:14)
	at kcom.qa.pages.Mykesightpage.<init>(Mykesightpage.java:14)
	at kcom.qa.pages.Mykesightpage.<init>(Mykesightpage.java:14)
	at kcom.qa.pages.Mykesightpage.<init>(Mykesightpage.java:14)
	at kcom.qa.pages.Mykesightpage.<init>(Mykesightpage.java:14)
	at kcom.qa.pages.Mykesightpage.<init>(Mykesightpage.java:14)
	at kcom.qa.pages.Mykesightpage.<init>(Mykesightpage.java:14)
	at kcom.qa.pages.Mykesightpage.<init>(Mykesightpage.java:14)
	at kcom.qa.pages.Mykesightpage.<init>(Mykesightpage.java:14)
	at kcom.qa.pages.Mykesightpage.<init>(Mykesightpage.java:14)
	at kcom.qa.pages.Mykesightpage.<init>(Mykesightpage.java:14)
	at kcom.qa.pages.Mykesightpage.<init>(Mykesightpage.java:14)
	at kcom.qa.pages.Mykesightpage.<init>(Mykesightpage.java:14)
	at kcom.qa.pages.Mykesightpage.<init>(Mykesightpage.java:14)
	at kcom.qa.pages.Mykesightpage.<init>(Mykesightpage.java:14)
	at kcom.qa.pages.Mykesightpage.<init>(Mykesightpage.java:14)
	at kcom.qa.pages.Mykesightpage.<init>(Mykesightpage.java:14)
	at kcom.qa.pages.Mykesightpage.<init>(Mykesightpage.java:14)
	at kcom.qa.pages.Mykesightpage.<init>(Mykesightpage.java:14)
	at kcom.qa.pages.Mykesightpage.<init>(Mykesightpage.java:14)
	at kcom.qa.pages.Mykesightpage.<init>(Mykesightpage.java:14)
	at kcom.qa.pages.Mykesightpage.<init>(Mykesightpage.java:14)
	at kcom.qa.pages.Mykesightpage.<init>(Mykesightpage.java:14)
	at kcom.qa.pages.Mykesightpage.<init>(Mykesightpage.java:14)
	at kcom.qa.pages.Mykesightpage.<init>(Mykesightpage.java:14)
	at kcom.qa.pages.Mykesightpage.<init>(Mykesightpage.java:14)
	at kcom.qa.pages.Mykesightpage.<init>(Mykesightpage.java:14)
	at kcom.qa.pages.Mykesightpage.<init>(Mykesightpage.java:14)
	at kcom.qa.pages.Mykesightpage.<init>(Mykesightpage.java:14)
	at kcom.qa.pages.Mykesightpage.<init>(Mykesightpage.java:14)
	at kcom.qa.pages.Mykesightpage.<init>(Mykesightpage.java:14)
	at kcom.qa.pages.Mykesightpage.<init>(Mykesightpage.java:14)
	at kcom.qa.pages.Mykesightpage.<init>(Mykesightpage.java:14)
	at kcom.qa.pages.Mykesightpage.<init>(Mykesightpage.java:14)
	at kcom.qa.pages.Mykesightpage.<init>(Mykesightpage.java:14)
	at kcom.qa.pages.Mykesightpage.<init>(Mykesightpage.java:14)
	at kcom.qa.pages.Mykesightpage.<init>(Mykesightpage.java:14)
	at kcom.qa.pages.Mykesightpage.<init>(Mykesightpage.java:14)
	at kcom.qa.pages.Mykesightpage.<init>(Mykesightpage.java:14)
	at kcom.qa.pages.Mykesightpage.<init>(Mykesightpage.java:14)
	at kcom.qa.pages.Mykesightpage.<init>(Mykesightpage.java:14)
	at kcom.qa.pages.Mykesightpage.<init>(Mykesightpage.java:14)
	at kcom.qa.pages.Mykesightpage.<init>(Mykesightpage.java:14)
	at kcom.qa.pages.Mykesightpage.<init>(Mykesightpage.java:14)
	at kcom.qa.pages.Mykesightpage.<init>(Mykesightpage.java:14)
	at kcom.qa.pages.Mykesightpage.<init>(Mykesightpage.java:14)
	at kcom.qa.pages.Mykesightpage.<init>(Mykesightpage.java:14)
	at kcom.qa.pages.Mykesightpage.<init>(Mykesightpage.java:14)
	at kcom.qa.pages.Mykesightpage.<init>(Mykesightpage.java:14)
	at kcom.qa.pages.Mykesightpage.<init>(Mykesightpage.java:14)
	at kcom.qa.pages.Mykesightpage.<init>(Mykesightpage.java:14)
	at kcom.qa.pages.Mykesightpage.<init>(Mykesightpage.java:14)
	at kcom.qa.pages.Mykesightpage.<init>(Mykesightpage.java:14)
	at kcom.qa.pages.Mykesightpage.<init>(Mykesightpage.java:14)
	at kcom.qa.pages.Mykesightpage.<init>(Mykesightpage.java:14)
	at kcom.qa.pages.Mykesightpage.<init>(Mykesightpage.java:14)
	at kcom.qa.pages.Mykesightpage.<init>(Mykesightpage.java:14)
	at kcom.qa.pages.Mykesightpage.<init>(Mykesightpage.java:14)
	at kcom.qa.pages.Mykesightpage.<init>(Mykesightpage.java:14)
	at kcom.qa.pages.Mykesightpage.<init>(Mykesightpage.java:14)
	at kcom.qa.pages.Mykesightpage.<init>(Mykesightpage.java:14)
	at kcom.qa.pages.Mykesightpage.<init>(Mykesightpage.java:14)
	at kcom.qa.pages.Mykesightpage.<init>(Mykesightpage.java:14)
	at kcom.qa.pages.Mykesightpage.<init>(Mykesightpage.java:14)
	at kcom.qa.pages.Mykesightpage.<init>(Mykesightpage.java:14)
	at kcom.qa.pages.Mykesightpage.<init>(Mykesightpage.java:14)
	at kcom.qa.pages.Mykesightpage.<init>(Mykesightpage.java:14)
	at kcom.qa.pages.Mykesightpage.<init>(Mykesightpage.java:14)
	at kcom.qa.pages.Mykesightpage.<init>(Mykesightpage.java:14)
	at kcom.qa.pages.Mykesightpage.<init>(Mykesightpage.java:14)
	at kcom.qa.pages.Mykesightpage.<init>(Mykesightpage.java:14)
	at kcom.qa.pages.Mykesightpage.<init>(Mykesightpage.java:14)
	at kcom.qa.pages.Mykesightpage.<init>(Mykesightpage.java:14)
	at kcom.qa.pages.Mykesightpage.<init>(Mykesightpage.java:14)
	at kcom.qa.pages.Mykesightpage.<init>(Mykesightpage.java:14)
	at kcom.qa.pages.Mykesightpage.<init>(Mykesightpage.java:14)
	at kcom.qa.pages.Mykesightpage.<init>(Mykesightpage.java:14)
	at kcom.qa.pages.Mykesightpage.<init>(Mykesightpage.java:14)
	at kcom.qa.pages.Mykesightpage.<init>(Mykesightpage.java:14)
	at kcom.qa.pages.Mykesightpage.<init>(Mykesightpage.java:14)
	at kcom.qa.pages.Mykesightpage.<init>(Mykesightpage.java:14)
	at kcom.qa.pages.Mykesightpage.<init>(Mykesightpage.java:14)
	at kcom.qa.pages.Mykesightpage.<init>(Mykesightpage.java:14)
	at kcom.qa.pages.Mykesightpage.<init>(Mykesightpage.java:14)
	at kcom.qa.pages.Mykesightpage.<init>(Mykesightpage.java:14)
	at kcom.qa.pages.Mykesightpage.<init>(Mykesightpage.java:14)
	at kcom.qa.pages.Mykesightpage.<init>(Mykesightpage.java:14)
	at kcom.qa.pages.Mykesightpage.<init>(Mykesightpage.java:14)
	at kcom.qa.pages.Mykesightpage.<init>(Mykesightpage.java:14)
	at kcom.qa.pages.Mykesightpage.<init>(Mykesightpage.java:14)
	at kcom.qa.pages.Mykesightpage.<init>(Mykesightpage.java:14)
	at kcom.qa.pages.Mykesightpage.<init>(Mykesightpage.java:14)
	at kcom.qa.pages.Mykesightpage.<init>(Mykesightpage.java:14)
	at kcom.qa.pages.Mykesightpage.<init>(Mykesightpage.java:14)
	at kcom.qa.pages.Mykesightpage.<init>(Mykesightpage.java:14)
	at kcom.qa.pages.Mykesightpage.<init>(Mykesightpage.java:14)
	at kcom.qa.pages.Mykesightpage.<init>(Mykesightpage.java:14)
	at kcom.qa.pages.Mykesightpage.<init>(Mykesightpage.java:14)
	at kcom.qa.pages.Mykesightpage.<init>(Mykesightpage.java:14)
	at kcom.qa.pages.Mykesightpage.<init>(Mykesightpage.java:14)
	at kcom.qa.pages.Mykesightpage.<init>(Mykesightpage.java:14)
	at kcom.qa.pages.Mykesightpage.<init>(Mykesightpage.java:14)
	at kcom.qa.pages.Mykesightpage.<init>(Mykesightpage.java:14)
	at kcom.qa.pages.Mykesightpage.<init>(Mykesightpage.java:14)
	at kcom.qa.pages.Mykesightpage.<init>(Mykesightpage.java:14)
	at kcom.qa.pages.Mykesightpage.<init>(Mykesightpage.java:14)
	at kcom.qa.pages.Mykesightpage.<init>(Mykesightpage.java:14)
	at kcom.qa.pages.Mykesightpage.<init>(Mykesightpage.java:14)
	at kcom.qa.pages.Mykesightpage.<init>(Mykesightpage.java:14)
	at kcom.qa.pages.Mykesightpage.<init>(Mykesightpage.java:14)
	at kcom.qa.pages.Mykesightpage.<init>(Mykesightpage.java:14)
	at kcom.qa.pages.Mykesightpage.<init>(Mykesightpage.java:14)
	at kcom.qa.pages.Mykesightpage.<init>(Mykesightpage.java:14)
	at kcom.qa.pages.Mykesightpage.<init>(Mykesightpage.java:14)
	at kcom.qa.pages.Mykesightpage.<init>(Mykesightpage.java:14)
	at kcom.qa.pages.Mykesightpage.<init>(Mykesightpage.java:14)
	at kcom.qa.pages.Mykesightpage.<init>(Mykesightpage.java:14)
	at kcom.qa.pages.Mykesightpage.<init>(Mykesightpage.java:14)
	at kcom.qa.pages.Mykesightpage.<init>(Mykesightpage.java:14)
	at kcom.qa.pages.Mykesightpage.<init>(Mykesightpage.java:14)
	at kcom.qa.pages.Mykesightpage.<init>(Mykesightpage.java:14)
	at kcom.qa.pages.Mykesightpage.<init>(Mykesightpage.java:14)
	at kcom.qa.pages.Mykesightpage.<init>(Mykesightpage.java:14)
	at kcom.qa.pages.Mykesightpage.<init>(Mykesightpage.java:14)
	at kcom.qa.pages.Mykesightpage.<init>(Mykesightpage.java:14)
	at kcom.qa.pages.Mykesightpage.<init>(Mykesightpage.java:14)
	at kcom.qa.pages.Mykesightpage.<init>(Mykesightpage.java:14)
	at kcom.qa.pages.Mykesightpage.<init>(Mykesightpage.java:14)
	at kcom.qa.pages.Mykesightpage.<init>(Mykesightpage.java:14)
	at kcom.qa.pages.Mykesightpage.<init>(Mykesightpage.java:14)
	at kcom.qa.pages.Mykesightpage.<init>(Mykesightpage.java:14)
	at kcom.qa.pages.Mykesightpage.<init>(Mykesightpage.java:14)
	at kcom.qa.pages.Mykesightpage.<init>(Mykesightpage.java:14)
	at kcom.qa.pages.Mykesightpage.<init>(Mykesightpage.java:14)
	at kcom.qa.pages.Mykesightpage.<init>(Mykesightpage.java:14)
	at kcom.qa.pages.Mykesightpage.<init>(Mykesightpage.java:14)
	at kcom.qa.pages.Mykesightpage.<init>(Mykesightpage.java:14)
	at kcom.qa.pages.Mykesightpage.<init>(Mykesightpage.java:14)
	at kcom.qa.pages.Mykesightpage.<init>(Mykesightpage.java:14)
	at kcom.qa.pages.Mykesightpage.<init>(Mykesightpage.java:14)
	at kcom.qa.pages.Mykesightpage.<init>(Mykesightpage.java:14)
	at kcom.qa.pages.Mykesightpage.<init>(Mykesightpage.java:14)
	at kcom.qa.pages.Mykesightpage.<init>(Mykesightpage.java:14)
	at kcom.qa.pages.Mykesightpage.<init>(Mykesightpage.java:14)
	at kcom.qa.pages.Mykesightpage.<init>(Mykesightpage.java:14)
	at kcom.qa.pages.Mykesightpage.<init>(Mykesightpage.java:14)
	at kcom.qa.pages.Mykesightpage.<init>(Mykesightpage.java:14)
	at kcom.qa.pages.Mykesightpage.<init>(Mykesightpage.java:14)
	at kcom.qa.pages.Mykesightpage.<init>(Mykesightpage.java:14)
	at kcom.qa.pages.Mykesightpage.<init>(Mykesightpage.java:14)
	at kcom.qa.pages.Mykesightpage.<init>(Mykesightpage.java:14)
	at kcom.qa.pages.Mykesightpage.<init>(Mykesightpage.java:14)
	at kcom.qa.pages.Mykesightpage.<init>(Mykesightpage.java:14)
	at kcom.qa.pages.Mykesightpage.<init>(Mykesightpage.java:14)
	at kcom.qa.pages.Mykesightpage.<init>(Mykesightpage.java:14)
	at kcom.qa.pages.Mykesightpage.<init>(Mykesightpage.java:14)
	at kcom.qa.pages.Mykesightpage.<init>(Mykesightpage.java:14)
	at kcom.qa.pages.Mykesightpage.<init>(Mykesightpage.java:14)
	at kcom.qa.pages.Mykesightpage.<init>(Mykesightpage.java:14)
	at kcom.qa.pages.Mykesightpage.<init>(Mykesightpage.java:14)
	at kcom.qa.pages.Mykesightpage.<init>(Mykesightpage.java:14)
	at kcom.qa.pages.Mykesightpage.<init>(Mykesightpage.java:14)
	at kcom.qa.pages.Mykesightpage.<init>(Mykesightpage.java:14)
	at kcom.qa.pages.Mykesightpage.<init>(Mykesightpage.java:14)
	at kcom.qa.pages.Mykesightpage.<init>(Mykesightpage.java:14)
	at kcom.qa.pages.Mykesightpage.<init>(Mykesightpage.java:14)
	at kcom.qa.pages.Mykesightpage.<init>(Mykesightpage.java:14)
	at kcom.qa.pages.Mykesightpage.<init>(Mykesightpage.java:14)
	at kcom.qa.pages.Mykesightpage.<init>(Mykesightpage.java:14)
	at kcom.qa.pages.Mykesightpage.<init>(Mykesightpage.java:14)
	at kcom.qa.pages.Mykesightpage.<init>(Mykesightpage.java:14)
	at kcom.qa.pages.Mykesightpage.<init>(Mykesightpage.java:14)
	at kcom.qa.pages.Mykesightpage.<init>(Mykesightpage.java:14)
	at kcom.qa.pages.Mykesightpage.<init>(Mykesightpage.java:14)
	at kcom.qa.pages.Mykesightpage.<init>(Mykesightpage.java:14)
	at kcom.qa.pages.Mykesightpage.<init>(Mykesightpage.java:14)
	at kcom.qa.pages.Mykesightpage.<init>(Mykesightpage.java:14)
	at kcom.qa.pages.Mykesightpage.<init>(Mykesightpage.java:14)
	at kcom.qa.pages.Mykesightpage.<init>(Mykesightpage.java:14)
	at kcom.qa.pages.Mykesightpage.<init>(Mykesightpage.java:14)
	at kcom.qa.pages.Mykesightpage.<init>(Mykesightpage.java:14)
	at kcom.qa.pages.Mykesightpage.<init>(Mykesightpage.java:14)
	at kcom.qa.pages.Mykesightpage.<init>(Mykesightpage.java:14)
	at kcom.qa.pages.Mykesightpage.<init>(Mykesightpage.java:14)
	at kcom.qa.pages.Mykesightpage.<init>(Mykesightpage.java:14)
	at kcom.qa.pages.Mykesightpage.<init>(Mykesightpage.java:14)
	at kcom.qa.pages.Mykesightpage.<init>(Mykesightpage.java:14)
	at kcom.qa.pages.Mykesightpage.<init>(Mykesightpage.java:14)
	at kcom.qa.pages.Mykesightpage.<init>(Mykesightpage.java:14)
	at kcom.qa.pages.Mykesightpage.<init>(Mykesightpage.java:14)
	at kcom.qa.pages.Mykesightpage.<init>(Mykesightpage.java:14)
	at kcom.qa.pages.Mykesightpage.<init>(Mykesightpage.java:14)
	at kcom.qa.pages.Mykesightpage.<init>(Mykesightpage.java:14)
	at kcom.qa.pages.Mykesightpage.<init>(Mykesightpage.java:14)
	at kcom.qa.pages.Mykesightpage.<init>(Mykesightpage.java:14)
	at kcom.qa.pages.Mykesightpage.<init>(Mykesightpage.java:14)
	at kcom.qa.pages.Mykesightpage.<init>(Mykesightpage.java:14)
	at kcom.qa.pages.Mykesightpage.<init>(Mykesightpage.java:14)
	at kcom.qa.pages.Mykesightpage.<init>(Mykesightpage.java:14)
	at kcom.qa.pages.Mykesightpage.<init>(Mykesightpage.java:14)
	at kcom.qa.pages.Mykesightpage.<init>(Mykesightpage.java:14)
]]>
    </failure>
  </testcase> <!-- @BeforeMethod setup -->
  <testcase name="mynewsportletTest" time="0.001" classname="kcom.qa.testcases.MykeysightpageTest">
    <skipped/>
  </testcase> <!-- mynewsportletTest -->
</testsuite> <!-- Default test(failed) -->
